<?xml version="1.0" encoding="UTF-8"?>
<!-- Generated by org.testng.reporters.JUnitReportReporter -->
<testsuite skipped="0" hostname="BJDN014-PC" name="myAppium.myAppiumTest.TestCase" tests="1" failures="0" timestamp="02 二月 2018 03:47:26 GMT" time="11.502" errors="0">
  <testcase name="f" time="11.502" classname="myAppium.myAppiumTest.TestCase"/>
</testsuite> <!-- myAppium.myAppiumTest.TestCase -->
